{
  "RSpec": {
    "coverage": {
      "/Users/AaronMiler/Documents/Projects/mori/app/mailers/mori/mailer.rb": [
        1,
        1,
        1,
        null,
        1,
        3,
        3,
        null,
        1,
        5,
        5,
        null,
        1,
        14,
        null,
        null,
        null
      ],
      "/Users/AaronMiler/Documents/Projects/mori/spec/models/mori/user_spec.rb": [
        1,
        null,
        1,
        1,
        null,
        9,
        4,
        6,
        null,
        null,
        null,
        null,
        null,
        1,
        2,
        2,
        2,
        2,
        2,
        2,
        2,
        2,
        2,
        2,
        2,
        2,
        2,
        2,
        null,
        1,
        1,
        1,
        null,
        null,
        null,
        null,
        null,
        null,
        1,
        1,
        1,
        1,
        1,
        1,
        1,
        null,
        1,
        1,
        1,
        1,
        0,
        0,
        null,
        null,
        null,
        null,
        null,
        null,
        null,
        1,
        1,
        1,
        null,
        null,
        null,
        null,
        null,
        1,
        1,
        3,
        3,
        null,
        1,
        1,
        1,
        null,
        1,
        1,
        2,
        2,
        null,
        1,
        1,
        1,
        1,
        null,
        1,
        1,
        2,
        null,
        null,
        null,
        null,
        null,
        null,
        null,
        null,
        1,
        1,
        3,
        3,
        3,
        null,
        1,
        1,
        1,
        null,
        1,
        2,
        1,
        1,
        null,
        1,
        1,
        1,
        2,
        null,
        null,
        null,
        null,
        null,
        null,
        null,
        null,
        1,
        1,
        2,
        null,
        1,
        1,
        1,
        null,
        1,
        2,
        null,
        null,
        null,
        null,
        null,
        null,
        null,
        1,
        1,
        3,
        null,
        1,
        2,
        null,
        1,
        1,
        1,
        2,
        null,
        null,
        1,
        1,
        1,
        null,
        null,
        null,
        null,
        null,
        null,
        1,
        1,
        1,
        1,
        1,
        null,
        1,
        1,
        1,
        1,
        1,
        null,
        1,
        1,
        1,
        1,
        null,
        null,
        null,
        null,
        null,
        null,
        null,
        1,
        1,
        3,
        null,
        1,
        1,
        null,
        1,
        2,
        null,
        1,
        2,
        null,
        null,
        null,
        null
      ],
      "/Users/AaronMiler/Documents/Projects/mori/app/models/mori/user.rb": [
        1,
        null,
        1,
        1,
        1,
        1,
        null,
        1,
        1,
        1,
        1,
        null,
        31,
        31,
        23,
        null,
        null,
        null,
        1,
        18,
        null,
        1,
        20,
        null,
        1,
        15,
        15,
        15,
        null,
        null,
        1,
        2,
        2,
        1,
        1,
        1,
        null,
        1,
        3,
        2,
        1,
        1,
        1,
        null,
        null,
        1,
        6,
        6,
        null,
        1,
        4,
        4,
        4,
        4,
        4,
        null,
        1,
        2,
        2,
        1,
        1,
        1,
        null,
        1,
        3,
        3,
        2,
        1,
        1,
        1,
        null,
        1,
        3,
        3,
        1,
        null,
        1,
        1,
        6,
        null,
        null,
        null
      ]
    },
    "timestamp": 1391494083
  }
}
